Using pre-set license
Built from '2022.3/release' branch; Version is '2022.3.18f1 (d29bea25151d) revision 13802474'; Using compiler version '192829333'; Build Type 'Release'
OS: 'Windows 11  (10.0.22631) 64bit Core' Language: 'fr' Physical Memory: 15774 MB
BatchMode: 1, IsHumanControllingUs: 0, StartBugReporterOnCrash: 0, Is64bit: 1, IsPro: 1

COMMAND LINE ARGUMENTS:
C:\Program Files\Unity\Hub\Editor\2022.3.18f1\Editor\Unity.exe
-adb2
-batchMode
-noUpm
-name
AssetImportWorker4
-projectPath
C:/Users/Xavie/JeuVideo_TP2/TP2
-logFile
Logs/AssetImportWorker4.log
-srvPort
52538
Successfully changed project path to: C:/Users/Xavie/JeuVideo_TP2/TP2
C:/Users/Xavie/JeuVideo_TP2/TP2
[UnityMemory] Configuration Parameters - Can be set up in boot.config
    "memorysetup-bucket-allocator-granularity=16"
    "memorysetup-bucket-allocator-bucket-count=8"
    "memorysetup-bucket-allocator-block-size=33554432"
    "memorysetup-bucket-allocator-block-count=8"
    "memorysetup-main-allocator-block-size=16777216"
    "memorysetup-thread-allocator-block-size=16777216"
    "memorysetup-gfx-main-allocator-block-size=16777216"
    "memorysetup-gfx-thread-allocator-block-size=16777216"
    "memorysetup-cache-allocator-block-size=4194304"
    "memorysetup-typetree-allocator-block-size=2097152"
    "memorysetup-profiler-bucket-allocator-granularity=16"
    "memorysetup-profiler-bucket-allocator-bucket-count=8"
    "memorysetup-profiler-bucket-allocator-block-size=33554432"
    "memorysetup-profiler-bucket-allocator-block-count=8"
    "memorysetup-profiler-allocator-block-size=16777216"
    "memorysetup-profiler-editor-allocator-block-size=1048576"
    "memorysetup-temp-allocator-size-main=16777216"
    "memorysetup-job-temp-allocator-block-size=2097152"
    "memorysetup-job-temp-allocator-block-size-background=1048576"
    "memorysetup-job-temp-allocator-reduction-small-platforms=262144"
    "memorysetup-allocator-temp-initial-block-size-main=262144"
    "memorysetup-allocator-temp-initial-block-size-worker=262144"
    "memorysetup-temp-allocator-size-background-worker=32768"
    "memorysetup-temp-allocator-size-job-worker=262144"
    "memorysetup-temp-allocator-size-preload-manager=33554432"
    "memorysetup-temp-allocator-size-nav-mesh-worker=65536"
    "memorysetup-temp-allocator-size-audio-worker=65536"
    "memorysetup-temp-allocator-size-cloud-worker=32768"
    "memorysetup-temp-allocator-size-gi-baking-worker=262144"
    "memorysetup-temp-allocator-size-gfx=262144"
Player connection [35112] Host "[IP] 10.0.0.223 [Port] 0 [Flags] 2 [Guid] 720881759 [EditorId] 720881759 [Version] 1048832 [Id] WindowsEditor(7,LAPTOP-N9E2BVDU) [Debug] 1 [PackageName] WindowsEditor [ProjectName] Editor" joined multi-casting on [225.0.0.222:54997]...

Player connection [35112] Host "[IP] 10.0.0.223 [Port] 0 [Flags] 2 [Guid] 720881759 [EditorId] 720881759 [Version] 1048832 [Id] WindowsEditor(7,LAPTOP-N9E2BVDU) [Debug] 1 [PackageName] WindowsEditor [ProjectName] Editor" joined alternative multi-casting on [225.0.0.222:34997]...

[Physics::Module] Initialized MultithreadedJobDispatcher with 15 workers.
Refreshing native plugins compatible for Editor in 19.58 ms, found 4 plugins.
Preloading 0 native plugins for Editor in 0.00 ms.
Initialize engine version: 2022.3.18f1 (d29bea25151d)
[Subsystems] Discovering subsystems at path C:/Program Files/Unity/Hub/Editor/2022.3.18f1/Editor/Data/Resources/UnitySubsystems
[Subsystems] Discovering subsystems at path C:/Users/Xavie/JeuVideo_TP2/TP2/Assets
GfxDevice: creating device client; threaded=0; jobified=0
Direct3D:
    Version:  Direct3D 11.0 [level 11.1]
    Renderer: NVIDIA GeForce RTX 3050 Ti Laptop GPU (ID=0x25a0)
    Vendor:   NVIDIA
    VRAM:     3977 MB
    Driver:   31.0.15.4629
Initialize mono
Mono path[0] = 'C:/Program Files/Unity/Hub/Editor/2022.3.18f1/Editor/Data/Managed'
Mono path[1] = 'C:/Program Files/Unity/Hub/Editor/2022.3.18f1/Editor/Data/MonoBleedingEdge/lib/mono/unityjit-win32'
Mono config path = 'C:/Program Files/Unity/Hub/Editor/2022.3.18f1/Editor/Data/MonoBleedingEdge/etc'
Using monoOptions --debugger-agent=transport=dt_socket,embedding=1,server=y,suspend=n,address=127.0.0.1:56248
Begin MonoManager ReloadAssembly
Registering precompiled unity dll's ...
Register platform support module: C:/Program Files/Unity/Hub/Editor/2022.3.18f1/Editor/Data/PlaybackEngines/WindowsStandaloneSupport/UnityEditor.WindowsStandalone.Extensions.dll
Registered in 0.009354 seconds.
- Loaded All Assemblies, in  0.406 seconds
Native extension for WindowsStandalone target not found
Mono: successfully reloaded assembly
- Finished resetting the current domain, in  0.303 seconds
Domain Reload Profiling: 706ms
	BeginReloadAssembly (119ms)
		ExecutionOrderSort (0ms)
		DisableScriptedObjects (0ms)
		BackupInstance (0ms)
		ReleaseScriptingObjects (0ms)
		CreateAndSetChildDomain (1ms)
	RebuildCommonClasses (37ms)
	RebuildNativeTypeToScriptingClass (11ms)
	initialDomainReloadingComplete (75ms)
	LoadAllAssembliesAndSetupDomain (161ms)
		LoadAssemblies (116ms)
		RebuildTransferFunctionScriptingTraits (0ms)
		AnalyzeDomain (158ms)
			TypeCache.Refresh (157ms)
				TypeCache.ScanAssembly (143ms)
			ScanForSourceGeneratedMonoScriptInfo (0ms)
			ResolveRequiredComponents (0ms)
	FinalizeReload (303ms)
		ReleaseScriptCaches (0ms)
		RebuildScriptCaches (0ms)
		SetupLoadedEditorAssemblies (236ms)
			LogAssemblyErrors (0ms)
			InitializePlatformSupportModulesInManaged (10ms)
			SetLoadedEditorAssemblies (8ms)
			RefreshPlugins (0ms)
			BeforeProcessingInitializeOnLoad (2ms)
			ProcessInitializeOnLoadAttributes (164ms)
			ProcessInitializeOnLoadMethodAttributes (51ms)
			AfterProcessingInitializeOnLoad (0ms)
			EditorAssembliesLoaded (0ms)
		ExecutionOrderSort2 (0ms)
		AwakeInstancesAfterBackupRestoration (0ms)
========================================================================
Worker process is ready to serve import requests
Begin MonoManager ReloadAssembly
- Loaded All Assemblies, in  0.729 seconds
Refreshing native plugins compatible for Editor in 7.16 ms, found 4 plugins.
Native extension for WindowsStandalone target not found
Package Manager log level set to [2]
[Package Manager] Server::EnsureServerProcessIsRunning -- launch failed, reason: Unity was launched with the -noUpm command-line argument
[Package Manager] UpmClient::Send -- Unable to send message (not connected to UPM process).
[Package Manager] Cannot connect to Unity Package Manager local server
Mono: successfully reloaded assembly
- Finished resetting the current domain, in  0.735 seconds
Domain Reload Profiling: 1460ms
	BeginReloadAssembly (159ms)
		ExecutionOrderSort (0ms)
		DisableScriptedObjects (6ms)
		BackupInstance (0ms)
		ReleaseScriptingObjects (0ms)
		CreateAndSetChildDomain (22ms)
	RebuildCommonClasses (32ms)
	RebuildNativeTypeToScriptingClass (12ms)
	initialDomainReloadingComplete (51ms)
	LoadAllAssembliesAndSetupDomain (471ms)
		LoadAssemblies (358ms)
		RebuildTransferFunctionScriptingTraits (0ms)
		AnalyzeDomain (204ms)
			TypeCache.Refresh (174ms)
				TypeCache.ScanAssembly (157ms)
			ScanForSourceGeneratedMonoScriptInfo (23ms)
			ResolveRequiredComponents (5ms)
	FinalizeReload (735ms)
		ReleaseScriptCaches (0ms)
		RebuildScriptCaches (0ms)
		SetupLoadedEditorAssemblies (560ms)
			LogAssemblyErrors (0ms)
			InitializePlatformSupportModulesInManaged (6ms)
			SetLoadedEditorAssemblies (6ms)
			RefreshPlugins (0ms)
			BeforeProcessingInitializeOnLoad (85ms)
			ProcessInitializeOnLoadAttributes (417ms)
			ProcessInitializeOnLoadMethodAttributes (37ms)
			AfterProcessingInitializeOnLoad (9ms)
			EditorAssembliesLoaded (0ms)
		ExecutionOrderSort2 (0ms)
		AwakeInstancesAfterBackupRestoration (8ms)
Launched and connected shader compiler UnityShaderCompiler.exe after 0.05 seconds
Refreshing native plugins compatible for Editor in 6.31 ms, found 4 plugins.
Preloading 0 native plugins for Editor in 0.00 ms.
Unloading 4406 Unused Serialized files (Serialized files now loaded: 0)
Unloading 71 unused Assets / (62.7 KB). Loaded Objects now: 4869.
Memory consumption went from 152.7 MB to 152.6 MB.
Total: 4.209600 ms (FindLiveObjects: 0.308400 ms CreateObjectMapping: 0.321200 ms MarkObjects: 3.451600 ms  DeleteObjects: 0.127600 ms)

AssetImportParameters requested are different than current active one (requested -> active):
  custom:container-demuxer-ogg: 62fdf1f143b41e24485cea50d1cbac27 -> 
  custom:video-codec-MediaFoundation-h265: 746d11721c4dcdbdad8f713fa42b33f4 -> 
  custom:video-decoder-ogg-theora: a1e56fd34408186e4bbccfd4996cb3dc -> 
  custom:framework-win-MediaFoundation: 216162199b28c13a410421893ffa2e32 -> 
  custom:CustomObjectIndexerAttribute: 6d391050e5a25f67b0a2c618074f2cd9 -> 
  custom:container-demuxer-webm: 4f35f7cbe854078d1ac9338744f61a02 -> 
  custom:container-muxer-webm: aa71ff27fc2769a1b78a27578f13a17b -> 
  custom:video-decoder-webm-vp8: 9c59270c3fd7afecdb556c50c9e8de78 -> 
  custom:SearchIndexIgnoredProperties: e643bd26f0fe6173181afceb89e7c659 -> 
  custom:AudioImporter_EditorPlatform: d09bf68614088b80899f8185d706f6e7 -> 
  custom:video-encoder-webm-vp8: eb34c28f22e8b96e1ab97ce403110664 -> 
  custom:audio-decoder-ogg-vorbis: bf7c407c2cedff20999df2af8eb42d56 -> 
  custom:audio-encoder-webm-vorbis: bf7c407c2cedff20999df2af8eb42d56 -> 
========================================================================
Received Import Request.
  Time since last request: 180836.768224 seconds.
  path: Assets/prefabs/background.prefab
  artifactKey: Guid(c494013bb85c8e44b8ecb09efeed3101) Importer(815301076,1909f56bfc062723c751e8b465ee728b)
Start importing Assets/prefabs/background.prefab using Guid(c494013bb85c8e44b8ecb09efeed3101) Importer(815301076,1909f56bfc062723c751e8b465ee728b)  -> (artifact id: '90c2b70e100f1b343558f0b3cd9a5c19') in 0.090375 seconds
Number of updated asset objects reloaded before import = 0
Number of asset objects unloaded after import = 68
========================================================================
Received Import Request.
  Time since last request: 29.860698 seconds.
  path: Assets/prefabs/background.prefab
  artifactKey: Guid(c494013bb85c8e44b8ecb09efeed3101) Importer(815301076,1909f56bfc062723c751e8b465ee728b)
Start importing Assets/prefabs/background.prefab using Guid(c494013bb85c8e44b8ecb09efeed3101) Importer(815301076,1909f56bfc062723c751e8b465ee728b)  -> (artifact id: '9c60e07c457d681d65505561cc3f733a') in 0.012375 seconds
Number of updated asset objects reloaded before import = 0
Number of asset objects unloaded after import = 68
========================================================================
Received Import Request.
  Time since last request: 18.773871 seconds.
  path: Assets/prefabs/background.prefab
  artifactKey: Guid(c494013bb85c8e44b8ecb09efeed3101) Importer(815301076,1909f56bfc062723c751e8b465ee728b)
Start importing Assets/prefabs/background.prefab using Guid(c494013bb85c8e44b8ecb09efeed3101) Importer(815301076,1909f56bfc062723c751e8b465ee728b)  -> (artifact id: '042113a8e511dba13f19023b4bde51b7') in 0.012362 seconds
Number of updated asset objects reloaded before import = 0
Number of asset objects unloaded after import = 68
========================================================================
Received Import Request.
  Time since last request: 7.071134 seconds.
  path: Assets/prefabs/background.prefab
  artifactKey: Guid(c494013bb85c8e44b8ecb09efeed3101) Importer(815301076,1909f56bfc062723c751e8b465ee728b)
Start importing Assets/prefabs/background.prefab using Guid(c494013bb85c8e44b8ecb09efeed3101) Importer(815301076,1909f56bfc062723c751e8b465ee728b)  -> (artifact id: '8e6a0269285734704bf8caa4084f7583') in 0.011843 seconds
Number of updated asset objects reloaded before import = 0
Number of asset objects unloaded after import = 68
========================================================================
Received Import Request.
  Time since last request: 8.069532 seconds.
  path: Assets/prefabs/background.prefab
  artifactKey: Guid(c494013bb85c8e44b8ecb09efeed3101) Importer(815301076,1909f56bfc062723c751e8b465ee728b)
Start importing Assets/prefabs/background.prefab using Guid(c494013bb85c8e44b8ecb09efeed3101) Importer(815301076,1909f56bfc062723c751e8b465ee728b)  -> (artifact id: 'efab345c0e87ccd9c268dd7355bdb561') in 0.011985 seconds
Number of updated asset objects reloaded before import = 0
Number of asset objects unloaded after import = 68
========================================================================
Received Import Request.
  Time since last request: 14.095884 seconds.
  path: Assets/prefabs/background.prefab
  artifactKey: Guid(c494013bb85c8e44b8ecb09efeed3101) Importer(815301076,1909f56bfc062723c751e8b465ee728b)
Start importing Assets/prefabs/background.prefab using Guid(c494013bb85c8e44b8ecb09efeed3101) Importer(815301076,1909f56bfc062723c751e8b465ee728b)  -> (artifact id: '059715fb1509160d11f709a45757636c') in 0.011613 seconds
Number of updated asset objects reloaded before import = 0
Number of asset objects unloaded after import = 68
========================================================================
Received Import Request.
  Time since last request: 5.433123 seconds.
  path: Assets/prefabs/background.prefab
  artifactKey: Guid(c494013bb85c8e44b8ecb09efeed3101) Importer(815301076,1909f56bfc062723c751e8b465ee728b)
Start importing Assets/prefabs/background.prefab using Guid(c494013bb85c8e44b8ecb09efeed3101) Importer(815301076,1909f56bfc062723c751e8b465ee728b)  -> (artifact id: '66035d979a9e83131ea77abfadcb8167') in 0.011349 seconds
Number of updated asset objects reloaded before import = 0
Number of asset objects unloaded after import = 68
========================================================================
Received Import Request.
  Time since last request: 19.737163 seconds.
  path: Assets/prefabs/background.prefab
  artifactKey: Guid(c494013bb85c8e44b8ecb09efeed3101) Importer(815301076,1909f56bfc062723c751e8b465ee728b)
Start importing Assets/prefabs/background.prefab using Guid(c494013bb85c8e44b8ecb09efeed3101) Importer(815301076,1909f56bfc062723c751e8b465ee728b)  -> (artifact id: 'bb6e8e76e9d901a2ee8038e479523875') in 0.010965 seconds
Number of updated asset objects reloaded before import = 0
Number of asset objects unloaded after import = 53
========================================================================
Received Import Request.
  Time since last request: 7.765946 seconds.
  path: Assets/prefabs/background.prefab
  artifactKey: Guid(c494013bb85c8e44b8ecb09efeed3101) Importer(815301076,1909f56bfc062723c751e8b465ee728b)
Start importing Assets/prefabs/background.prefab using Guid(c494013bb85c8e44b8ecb09efeed3101) Importer(815301076,1909f56bfc062723c751e8b465ee728b)  -> (artifact id: '53bc6b5ed2f3cbfc2b0b2353b5039d3e') in 0.011520 seconds
Number of updated asset objects reloaded before import = 0
Number of asset objects unloaded after import = 35
========================================================================
Received Import Request.
  Time since last request: 7.560086 seconds.
  path: Assets/prefabs/background.prefab
  artifactKey: Guid(c494013bb85c8e44b8ecb09efeed3101) Importer(815301076,1909f56bfc062723c751e8b465ee728b)
Start importing Assets/prefabs/background.prefab using Guid(c494013bb85c8e44b8ecb09efeed3101) Importer(815301076,1909f56bfc062723c751e8b465ee728b)  -> (artifact id: '4a67c51fa8699d4ab3bdd43f79a22600') in 0.011244 seconds
Number of updated asset objects reloaded before import = 0
Number of asset objects unloaded after import = 26
========================================================================
Received Import Request.
  Time since last request: 8.346069 seconds.
  path: Assets/prefabs/background.prefab
  artifactKey: Guid(c494013bb85c8e44b8ecb09efeed3101) Importer(815301076,1909f56bfc062723c751e8b465ee728b)
Start importing Assets/prefabs/background.prefab using Guid(c494013bb85c8e44b8ecb09efeed3101) Importer(815301076,1909f56bfc062723c751e8b465ee728b)  -> (artifact id: '9114355f05f16f6572e882c003c64092') in 0.011326 seconds
Number of updated asset objects reloaded before import = 0
Number of asset objects unloaded after import = 23
========================================================================
Received Import Request.
  Time since last request: 9.179402 seconds.
  path: Assets/prefabs/background.prefab
  artifactKey: Guid(c494013bb85c8e44b8ecb09efeed3101) Importer(815301076,1909f56bfc062723c751e8b465ee728b)
Start importing Assets/prefabs/background.prefab using Guid(c494013bb85c8e44b8ecb09efeed3101) Importer(815301076,1909f56bfc062723c751e8b465ee728b)  -> (artifact id: '1226f606cefe2915c7df05051d69eeef') in 0.006985 seconds
Number of updated asset objects reloaded before import = 0
Number of asset objects unloaded after import = 20
========================================================================
Received Import Request.
  Time since last request: 3.624563 seconds.
  path: Assets/prefabs/background.prefab
  artifactKey: Guid(c494013bb85c8e44b8ecb09efeed3101) Importer(815301076,1909f56bfc062723c751e8b465ee728b)
Start importing Assets/prefabs/background.prefab using Guid(c494013bb85c8e44b8ecb09efeed3101) Importer(815301076,1909f56bfc062723c751e8b465ee728b)  -> (artifact id: '0f47aa6f9d32924c308fa72b789cce5a') in 0.006985 seconds
Number of updated asset objects reloaded before import = 0
Number of asset objects unloaded after import = 25
========================================================================
Received Import Request.
  Time since last request: 2.387140 seconds.
  path: Assets/prefabs/background.prefab
  artifactKey: Guid(c494013bb85c8e44b8ecb09efeed3101) Importer(815301076,1909f56bfc062723c751e8b465ee728b)
Start importing Assets/prefabs/background.prefab using Guid(c494013bb85c8e44b8ecb09efeed3101) Importer(815301076,1909f56bfc062723c751e8b465ee728b)  -> (artifact id: '1fb6e638d2009af8915fcfe11bf98aec') in 0.006766 seconds
Number of updated asset objects reloaded before import = 0
Number of asset objects unloaded after import = 25
========================================================================
Received Import Request.
  Time since last request: 4.521688 seconds.
  path: Assets/prefabs/background.prefab
  artifactKey: Guid(c494013bb85c8e44b8ecb09efeed3101) Importer(815301076,1909f56bfc062723c751e8b465ee728b)
Start importing Assets/prefabs/background.prefab using Guid(c494013bb85c8e44b8ecb09efeed3101) Importer(815301076,1909f56bfc062723c751e8b465ee728b)  -> (artifact id: '85518b4acf9e3676db87a0a06529c994') in 0.007395 seconds
Number of updated asset objects reloaded before import = 0
Number of asset objects unloaded after import = 25
========================================================================
Received Import Request.
  Time since last request: 3.865941 seconds.
  path: Assets/prefabs/background.prefab
  artifactKey: Guid(c494013bb85c8e44b8ecb09efeed3101) Importer(815301076,1909f56bfc062723c751e8b465ee728b)
Start importing Assets/prefabs/background.prefab using Guid(c494013bb85c8e44b8ecb09efeed3101) Importer(815301076,1909f56bfc062723c751e8b465ee728b)  -> (artifact id: 'b058f18c0c5ec2fef6403898a86452dd') in 0.011234 seconds
Number of updated asset objects reloaded before import = 0
Number of asset objects unloaded after import = 25
========================================================================
Received Import Request.
  Time since last request: 8.353283 seconds.
  path: Assets/prefabs/background.prefab
  artifactKey: Guid(c494013bb85c8e44b8ecb09efeed3101) Importer(815301076,1909f56bfc062723c751e8b465ee728b)
Start importing Assets/prefabs/background.prefab using Guid(c494013bb85c8e44b8ecb09efeed3101) Importer(815301076,1909f56bfc062723c751e8b465ee728b)  -> (artifact id: 'e7cf742eb2850b41e98f9b66decb1f32') in 0.011089 seconds
Number of updated asset objects reloaded before import = 0
Number of asset objects unloaded after import = 25
========================================================================
Received Import Request.
  Time since last request: 5.534712 seconds.
  path: Assets/prefabs/background.prefab
  artifactKey: Guid(c494013bb85c8e44b8ecb09efeed3101) Importer(815301076,1909f56bfc062723c751e8b465ee728b)
Start importing Assets/prefabs/background.prefab using Guid(c494013bb85c8e44b8ecb09efeed3101) Importer(815301076,1909f56bfc062723c751e8b465ee728b)  -> (artifact id: 'c4a4db9d30f8820188c06603b6d43243') in 0.011047 seconds
Number of updated asset objects reloaded before import = 0
Number of asset objects unloaded after import = 25
========================================================================
Received Prepare
Begin MonoManager ReloadAssembly
- Loaded All Assemblies, in  0.530 seconds
Refreshing native plugins compatible for Editor in 8.40 ms, found 4 plugins.
Native extension for WindowsStandalone target not found
[Package Manager] Server::EnsureServerProcessIsRunning -- launch failed, reason: Unity was launched with the -noUpm command-line argument
[Package Manager] UpmClient::Send -- Unable to send message (not connected to UPM process).
[Package Manager] Cannot connect to Unity Package Manager local server
Mono: successfully reloaded assembly
- Finished resetting the current domain, in  1.470 seconds
Domain Reload Profiling: 1995ms
	BeginReloadAssembly (171ms)
		ExecutionOrderSort (0ms)
		DisableScriptedObjects (11ms)
		BackupInstance (0ms)
		ReleaseScriptingObjects (0ms)
		CreateAndSetChildDomain (40ms)
	RebuildCommonClasses (37ms)
	RebuildNativeTypeToScriptingClass (11ms)
	initialDomainReloadingComplete (42ms)
	LoadAllAssembliesAndSetupDomain (265ms)
		LoadAssemblies (334ms)
		RebuildTransferFunctionScriptingTraits (0ms)
		AnalyzeDomain (17ms)
			TypeCache.Refresh (7ms)
				TypeCache.ScanAssembly (0ms)
			ScanForSourceGeneratedMonoScriptInfo (0ms)
			ResolveRequiredComponents (8ms)
	FinalizeReload (1470ms)
		ReleaseScriptCaches (0ms)
		RebuildScriptCaches (0ms)
		SetupLoadedEditorAssemblies (583ms)
			LogAssemblyErrors (0ms)
			InitializePlatformSupportModulesInManaged (6ms)
			SetLoadedEditorAssemblies (4ms)
			RefreshPlugins (0ms)
			BeforeProcessingInitializeOnLoad (98ms)
			ProcessInitializeOnLoadAttributes (426ms)
			ProcessInitializeOnLoadMethodAttributes (37ms)
			AfterProcessingInitializeOnLoad (11ms)
			EditorAssembliesLoaded (0ms)
		ExecutionOrderSort2 (0ms)
		AwakeInstancesAfterBackupRestoration (16ms)
Refreshing native plugins compatible for Editor in 6.39 ms, found 4 plugins.
Preloading 0 native plugins for Editor in 0.00 ms.
Unloading 4394 Unused Serialized files (Serialized files now loaded: 0)
Unloading 37 unused Assets / (35.7 KB). Loaded Objects now: 4882.
Memory consumption went from 155.9 MB to 155.9 MB.
Total: 5.468400 ms (FindLiveObjects: 0.361700 ms CreateObjectMapping: 0.295700 ms MarkObjects: 4.602500 ms  DeleteObjects: 0.206200 ms)

Prepare: number of updated asset objects reloaded= 0
AssetImportParameters requested are different than current active one (requested -> active):
  custom:container-demuxer-ogg: 62fdf1f143b41e24485cea50d1cbac27 -> 
  custom:video-codec-MediaFoundation-h265: 746d11721c4dcdbdad8f713fa42b33f4 -> 
  custom:video-decoder-ogg-theora: a1e56fd34408186e4bbccfd4996cb3dc -> 
  custom:framework-win-MediaFoundation: 216162199b28c13a410421893ffa2e32 -> 
  custom:CustomObjectIndexerAttribute: 6d391050e5a25f67b0a2c618074f2cd9 -> 
  custom:container-demuxer-webm: 4f35f7cbe854078d1ac9338744f61a02 -> 
  custom:container-muxer-webm: aa71ff27fc2769a1b78a27578f13a17b -> 
  custom:video-decoder-webm-vp8: 9c59270c3fd7afecdb556c50c9e8de78 -> 
  custom:SearchIndexIgnoredProperties: e643bd26f0fe6173181afceb89e7c659 -> 
  custom:AudioImporter_EditorPlatform: d09bf68614088b80899f8185d706f6e7 -> 
  custom:video-encoder-webm-vp8: eb34c28f22e8b96e1ab97ce403110664 -> 
  custom:audio-decoder-ogg-vorbis: bf7c407c2cedff20999df2af8eb42d56 -> 
  custom:audio-encoder-webm-vorbis: bf7c407c2cedff20999df2af8eb42d56 -> 
========================================================================
Received Import Request.
  Time since last request: 294.724010 seconds.
  path: Assets/prefabs/background.prefab
  artifactKey: Guid(c494013bb85c8e44b8ecb09efeed3101) Importer(815301076,1909f56bfc062723c751e8b465ee728b)
Start importing Assets/prefabs/background.prefab using Guid(c494013bb85c8e44b8ecb09efeed3101) Importer(815301076,1909f56bfc062723c751e8b465ee728b)  -> (artifact id: 'c9bd7d39cc983e01d156619afd092261') in 0.087222 seconds
Number of updated asset objects reloaded before import = 0
Number of asset objects unloaded after import = 79
